INFO: [VRFC 10-2263] Analyzing Verilog file "D:/new_loonson_env/cdp_ede_local/mycpu_env/myCPU/alu.v" into library xil_defaultlib
INFO: [VRFC 10-311] analyzing module alu
INFO: [VRFC 10-2263] Analyzing Verilog file "D:/new_loonson_env/cdp_ede_local/mycpu_env/soc_verify/soc_dram/testbench/async_ram.v" into library xil_defaultlib
INFO: [VRFC 10-311] analyzing module async_ram
INFO: [VRFC 10-311] analyzing module inst_ram
INFO: [VRFC 10-311] analyzing module data_ram
INFO: [VRFC 10-2263] Analyzing Verilog file "D:/new_loonson_env/cdp_ede_local/mycpu_env/soc_verify/soc_dram/rtl/BRIDGE/bridge_1x2.v" into library xil_defaultlib
INFO: [VRFC 10-311] analyzing module bridge_1x2
INFO: [VRFC 10-2263] Analyzing Verilog file "D:/new_loonson_env/cdp_ede_local/mycpu_env/soc_verify/soc_dram/rtl/CONFREG/confreg.v" into library xil_defaultlib
INFO: [VRFC 10-311] analyzing module confreg
INFO: [VRFC 10-2263] Analyzing Verilog file "D:/new_loonson_env/cdp_ede_local/mycpu_env/myCPU/mycpu_top.v" into library xil_defaultlib
INFO: [VRFC 10-311] analyzing module mycpu_top
INFO: [VRFC 10-2263] Analyzing Verilog file "D:/new_loonson_env/cdp_ede_local/mycpu_env/myCPU/regfile.v" into library xil_defaultlib
INFO: [VRFC 10-311] analyzing module regfile
INFO: [VRFC 10-2263] Analyzing Verilog file "D:/new_loonson_env/cdp_ede_local/mycpu_env/soc_verify/soc_dram/rtl/soc_lite_top.v" into library xil_defaultlib
INFO: [VRFC 10-311] analyzing module soc_lite_top
INFO: [VRFC 10-2263] Analyzing Verilog file "D:/new_loonson_env/cdp_ede_local/mycpu_env/myCPU/tools.v" into library xil_defaultlib
INFO: [VRFC 10-311] analyzing module decoder_2_4
INFO: [VRFC 10-311] analyzing module decoder_4_16
INFO: [VRFC 10-311] analyzing module decoder_5_32
INFO: [VRFC 10-311] analyzing module decoder_6_64
INFO: [VRFC 10-2263] Analyzing Verilog file "D:/new_loonson_env/cdp_ede_local/mycpu_env/soc_verify/soc_dram/testbench/mycpu_tb.v" into library xil_defaultlib
INFO: [VRFC 10-311] analyzing module tb_top
WARNING: [VRFC 10-2096] empty statement in sequential block [D:/new_loonson_env/cdp_ede_local/mycpu_env/soc_verify/soc_dram/testbench/mycpu_tb.v:238]
