#-----------------------------------------------------------
# Vivado v2024.2 (64-bit)
# SW Build 5239630 on Fri Nov 08 22:35:27 MST 2024
# IP Build 5239520 on Sun Nov 10 16:12:51 MST 2024
# SharedData Build 5239561 on Fri Nov 08 14:39:27 MST 2024
# Start of session at: Mon May  5 12:55:56 2025
# Process ID         : 23984
# Current directory  : D:/new_loonson_env/cdp_ede_local/mycpu_env/gettrace
# Command line       : vivado.exe -gui_launcher_event rodinguilauncherevent14752 D:\new_loonson_env\cdp_ede_local\mycpu_env\gettrace\gettrace.xpr
# Log file           : D:/new_loonson_env/cdp_ede_local/mycpu_env/gettrace/vivado.log
# Journal file       : D:/new_loonson_env/cdp_ede_local/mycpu_env/gettrace\vivado.jou
# Running On         : CHINAMI-PTJBI1V
# Platform           : Windows Server 2016 or Windows 10
# Operating System   : 26100
# Processor Detail   : 12th Gen Intel(R) Core(TM) i7-12700H
# CPU Frequency      : 2688 MHz
# CPU Physical cores : 14
# CPU Logical cores  : 20
# Host memory        : 16849 MB
# Swap memory        : 27917 MB
# Total Virtual      : 44766 MB
# Available Virtual  : 27473 MB
#-----------------------------------------------------------
start_guopopen_project D:/new_loonson_env/cdp_ede_local/mycpu_env/gettrace/gettrace.xpr
INFO: [filemgmt 56-3] Default IP Output Path : Could not find the directory 'D:/new_loonson_env/cdp_ede_local/mycpu_env/gettrace/gettrace.gen/sources_1'.
WARNING: [filemgmt 56-3] IPUserFilesDir: Could not find the directory 'D:/new_loonson_env/cdp_ede_local/mycpu_env/gettrace/gettrace.ip_user_files'.
Scanning sources...
Finished scanning sources
INFO: [IP_Flow 19-234] Refreshing IP repositories
INFO: [IP_Flow 19-1704] No user IP repositories specified
INFO: [IP_Flow 19-2313] Loaded Vivado IP repository 'D:/Xilinx/Vivado/2024.2/data/ip'.
open_project: Time (s): cpu = 00:00:10 ; elapsed = 00:00:06 . Memory (MB): peak = 1171.289 ; gain = 40.266
updatelaunch_simulation
Command: launch_exit
INFO: [Common 17-206] Exiting Vivado at Mon May  5 13:04:33 2025...
Vivado 12-13340] Unable to auto find GCC executables from simulator install path! (path not set)
INFO: [Vivado 12-5682] Launching behavioral simulation in 'D:/new_loonson_env/cdp_ede_local/mycpu_env/gettrace/gettrace.sim/sim_1/behav/xsim'
INFO: [SIM-utils-51] Simulation object is 'sim_1'
INFO: [SIM-utils-72] Using boost library from 'D:/Xilinx/Vivado/2024.2/tps/boost_1_72_0'
INFO: [SIM-utils-54] Inspecting design source files for 'tb_top' in fileset 'sim_1'...
INFO: [USF-XSim-97] Finding global include files...
INFO: [USF-XSim-98] Fetching design files from 'sim_1'...
INFO: [USF-XSim-2] XSim::Compile design
INFO: [USF-XSim-61] Executing 'COMPILE and ANALYZE' step in 'D:/new_loonson_env/cdp_ede_local/mycpu_env/gettrace/gettrace.sim/sim_1/behav/xsim'
"xvlog --incr --relax -prj tb_top_vlog.prj"
INFO: [VRFC 10-2263] Analyzing Verilog file "D:/new_loonson_env/cdp_ede_local/mycpu_env/gettrace/src/myCPU/SimpleLACoreWrapRAM.v" into library xil_defaultlib
INFO: [VRFC 10-311] analyzing module SimpleLACore
INFO: [VRFC 10-311] analyzing module SimpleLACoreWrapRAM
INFO: [VRFC 10-2263] Analyzing Verilog file "D:/new_loonson_env/cdp_ede_local/mycpu_env/gettrace/src/BRIDGE/bridge_1x2.v" into library xil_defaultlib
INFO: [VRFC 10-311] analyzing module bridge_1x2
INFO: [VRFC 10-2263] Analyzing Verilog file "D:/new_loonson_env/cdp_ede_local/mycpu_env/gettrace/src/CONFREG/confreg.v" into library xil_defaultlib
INFO: [VRFC 10-311] analyzing module confreg
INFO: [VRFC 10-2263] Analyzing Verilog file "D:/new_loonson_env/cdp_ede_local/mycpu_env/gettrace/src/soc_lite_top.v" into library xil_defaultlib
INFO: [VRFC 10-311] analyzing module soc_lite_top
INFO: [VRFC 10-2263] Analyzing Verilog file "D:/new_loonson_env/cdp_ede_local/mycpu_env/gettrace/src/tb_top.v" into library xil_defaultlib
INFO: [VRFC 10-311] analyzing module tb_top
INFO: [VRFC 10-2263] Analyzing Verilog file "D:/new_loonson_env/cdp_ede_local/mycpu_env/gettrace/gettrace.sim/sim_1/behav/xsim/glbl.v" into library xil_defaultlib
INFO: [VRFC 10-311] analyzing module glbl
run_program: Time (s): cpu = 00:00:01 ; elapsed = 00:00:05 . Memory (MB): peak = 1218.125 ; gain = 0.000
INFO: [USF-XSim-69] 'compile' step finished in '6' seconds
INFO: [USF-XSim-3] XSim::Elaborate design
INFO: [USF-XSim-61] Executing 'ELABORATE' step in 'D:/new_loonson_env/cdp_ede_local/mycpu_env/gettrace/gettrace.sim/sim_1/behav/xsim'
"xelab --incr --debug typical --relax --mt 2 -L xil_defaultlib -L unisims_ver -L unimacro_ver -L secureip --snapshot tb_top_behav xil_defaultlib.tb_top xil_defaultlib.glbl -log elaborate.log"
Vivado Simulator v2024.2.0
Copyright 1986-2022 Xilinx, Inc. All Rights Reserved.
Copyright 2022-2024 Advanced Micro Devices, Inc. All Rights Reserved.
Running: D:/Xilinx/Vivado/2024.2/bin/unwrapped/win64.o/xelab.exe --incr --debug typical --relax --mt 2 -L xil_defaultlib -L unisims_ver -L unimacro_ver -L secureip --snapshot tb_top_behav xil_defaultlib.tb_top xil_defaultlib.glbl -log elaborate.log 
Using 2 slave threads.
Starting static elaboration
Pass Through NonSizing Optimizer
Completed static elaboration
Starting simulation data flow analysis
WARNING: [XSIM 43-4099] "D:/new_loonson_env/cdp_ede_local/mycpu_env/gettrace/src/soc_lite_top.v" Line 60. Module soc_lite_top(SIMULATION=1'b1) doesn't have a timescale but at least one module in design has a timescale.
WARNING: [XSIM 43-4099] "D:/new_loonson_env/cdp_ede_local/mycpu_env/gettrace/src/myCPU/SimpleLACoreWrapRAM.v" Line 6725. Module SimpleLACoreWrapRAM doesn't have a timescale but at least one module in design has a timescale.
WARNING: [XSIM 43-4099] "D:/new_loonson_env/cdp_ede_local/mycpu_env/gettrace/src/myCPU/SimpleLACoreWrapRAM.v" Line 1. Module SimpleLACore doesn't have a timescale but at least one module in design has a timescale.
WARNING: [XSIM 43-4099] "D:/new_loonson_env/cdp_ede_local/mycpu_env/gettrace/src/BRIDGE/bridge_1x2.v" Line 50. Module bridge_1x2 doesn't have a timescale but at least one module in design has a timescale.
WARNING: [XSIM 43-4099] "D:/new_loonson_env/cdp_ede_local/mycpu_env/gettrace/src/CONFREG/confreg.v" Line 74. Module confreg(SIMULATION=1'b1) doesn't have a timescale but at least one module in design has a timescale.
WARNING: [XSIM 43-4099] "D:/new_loonson_env/cdp_ede_local/mycpu_env/gettrace/src/soc_lite_top.v" Line 60. Module soc_lite_top(SIMULATION=1'b1) doesn't have a timescale but at least one module in design has a timescale.
WARNING: [XSIM 43-4099] "D:/new_loonson_env/cdp_ede_local/mycpu_env/gettrace/src/myCPU/SimpleLACoreWrapRAM.v" Line 6725. Module SimpleLACoreWrapRAM doesn't have a timescale but at least one module in design has a timescale.
WARNING: [XSIM 43-4099] "D:/new_loonson_env/cdp_ede_local/mycpu_env/gettrace/src/myCPU/SimpleLACoreWrapRAM.v" Line 1. Module SimpleLACore doesn't have a timescale but at least one module in design has a timescale.
WARNING: [XSIM 43-4099] "D:/new_loonson_env/cdp_ede_local/mycpu_env/gettrace/src/BRIDGE/bridge_1x2.v" Line 50. Module bridge_1x2 doesn't have a timescale but at least one module in design has a timescale.
WARNING: [XSIM 43-4099] "D:/new_loonson_env/cdp_ede_local/mycpu_env/gettrace/src/CONFREG/confreg.v" Line 74. Module confreg(SIMULATION=1'b1) doesn't have a timescale but at least one module in design has a timescale.
Completed simulation data flow analysis
Time Resolution for simulation is 1ps
Compiling module xil_defaultlib.SimpleLACore
Compiling module xil_defaultlib.SimpleLACoreWrapRAM
Compiling module xil_defaultlib.bridge_1x2
Compiling module xil_defaultlib.confreg(SIMULATION=1'b1)
Compiling module xil_defaultlib.soc_lite_top(SIMULATION=1'b1)
Compiling module xil_defaultlib.tb_top
Compiling module xil_defaultlib.glbl
Built simulation snapshot tb_top_behav
run_program: Time (s): cpu = 00:00:00 ; elapsed = 00:00:15 . Memory (MB): peak = 1218.125 ; gain = 0.000
INFO: [USF-XSim-69] 'elaborate' step finished in '15' seconds
INFO: [USF-XSim-4] XSim::Simulate design
INFO: [USF-XSim-61] Executing 'SIMULATE' step in 'D:/new_loonson_env/cdp_ede_local/mycpu_env/gettrace/gettrace.sim/sim_1/behav/xsim'
INFO: [USF-XSim-98] *** Running xsim
   with args "tb_top_behav -key {Behavioral:sim_1:Functional:tb_top} -tclbatch {tb_top.tcl} -log {simulate.log}"
INFO: [USF-XSim-8] Loading simulator feature
Time resolution is 1 ps
source tb_top.tcl
# set curr_wave [current_wave_config]
# if { [string length $curr_wave] == 0 } {
#   if { [llength [get_objects]] > 0} {
#     add_wave /
#     set_property needs_save false [current_wave_config]
#   } else {
#      send_msg_id Add_Wave-1 WARNING "No top level signals found. Simulator will start without a wave window. If you want to open a wave window go to 'File->New Waveform Configuration' or type 'create_wave_config' in the TCL console."
#   }
# }
# run 1000ns
INFO: [USF-XSim-96] XSim completed. Design snapshot 'tb_top_behav' loaded.
INFO: [USF-XSim-97] XSim simulation ran for 1000ns
launch_simulation: Time (s): cpu = 00:00:04 ; elapsed = 00:00:24 . Memory (MB): peak = 1242.723 ; gain = 24.598
run all
==============================================================
Test begin!
----[  12075 ns] Number 8'd01 Functional Test Point PASS!!!
        [  22000 ns] Test is running, debug_wb_pc = 0x1c04c2fc
        [  32000 ns] Test is running, debug_wb_pc = 0x1c04d29c
----[  36425 ns] Number 8'd02 Functional Test Point PASS!!!
        [  42000 ns] Test is running, debug_wb_pc = 0x1c061df0
        [  52000 ns] Test is running, debug_wb_pc = 0x1c062d90
----[  54755 ns] Number 8'd03 Functional Test Point PASS!!!
        [  62000 ns] Test is running, debug_wb_pc = 0x1c07333c
        [  72000 ns] Test is running, debug_wb_pc = 0x1c0742dc
----[  79105 ns] Number 8'd04 Functional Test Point PASS!!!
        [  82000 ns] Test is running, debug_wb_pc = 0x1c076c40
        [  92000 ns] Test is running, debug_wb_pc = 0x1c077be0
        [ 102000 ns] Test is running, debug_wb_pc = 0x1c078b80
----[ 103455 ns] Number 8'd05 Functional Test Point PASS!!!
        [ 112000 ns] Test is running, debug_wb_pc = 0x1c07a214
        [ 122000 ns] Test is running, debug_wb_pc = 0x1c07b1b4
----[ 127805 ns] Number 8'd06 Functional Test Point PASS!!!
        [ 132000 ns] Test is running, debug_wb_pc = 0x1c07d728
        [ 142000 ns] Test is running, debug_wb_pc = 0x1c07e6c8
        [ 152000 ns] Test is running, debug_wb_pc = 0x1c07f668
----[ 152155 ns] Number 8'd07 Functional Test Point PASS!!!
        [ 162000 ns] Test is running, debug_wb_pc = 0x1c080a7c
        [ 172000 ns] Test is running, debug_wb_pc = 0x1c081a1c
----[ 176505 ns] Number 8'd08 Functional Test Point PASS!!!
        [ 182000 ns] Test is running, debug_wb_pc = 0x1c082970
        [ 192000 ns] Test is running, debug_wb_pc = 0x1c083910
----[ 200855 ns] Number 8'd09 Functional Test Point PASS!!!
        [ 202000 ns] Test is running, debug_wb_pc = 0x1c010a04
        [ 212000 ns] Test is running, debug_wb_pc = 0x1c0119a4
        [ 222000 ns] Test is running, debug_wb_pc = 0x1c012944
----[ 225205 ns] Number 8'd10 Functional Test Point PASS!!!
        [ 232000 ns] Test is running, debug_wb_pc = 0x1c013898
        [ 242000 ns] Test is running, debug_wb_pc = 0x1c014838
----[ 243535 ns] Number 8'd11 Functional Test Point PASS!!!
        [ 252000 ns] Test is running, debug_wb_pc = 0x1c01578c
----[ 261865 ns] Number 8'd12 Functional Test Point PASS!!!
        [ 262000 ns] Test is running, debug_wb_pc = 0x1c0103b0
        [ 272000 ns] Test is running, debug_wb_pc = 0x1c017680
----[ 280195 ns] Number 8'd13 Functional Test Point PASS!!!
        [ 282000 ns] Test is running, debug_wb_pc = 0x1c0185d4
----[ 290705 ns] Number 8'd14 Functional Test Point PASS!!!
        [ 292000 ns] Test is running, debug_wb_pc = 0x1c019528
        [ 302000 ns] Test is running, debug_wb_pc = 0x1c01a4c8
----[ 302015 ns] Number 8'd15 Functional Test Point PASS!!!
        [ 312000 ns] Test is running, debug_wb_pc = 0x1c01b8f4
        [ 322000 ns] Test is running, debug_wb_pc = 0x1c01cd44
        [ 332000 ns] Test is running, debug_wb_pc = 0x1c01de34
        [ 342000 ns] Test is running, debug_wb_pc = 0x1c01ef3c
        [ 352000 ns] Test is running, debug_wb_pc = 0x1c0202f4
        [ 362000 ns] Test is running, debug_wb_pc = 0x1c021784
----[ 363515 ns] Number 8'd16 Functional Test Point PASS!!!
        [ 372000 ns] Test is running, debug_wb_pc = 0x1c02289c
        [ 382000 ns] Test is running, debug_wb_pc = 0x1c0239a4
        [ 392000 ns] Test is running, debug_wb_pc = 0x1c024c7c
        [ 402000 ns] Test is running, debug_wb_pc = 0x1c02610c
        [ 412000 ns] Test is running, debug_wb_pc = 0x1c027354
        [ 422000 ns] Test is running, debug_wb_pc = 0x1c028454
----[ 428975 ns] Number 8'd17 Functional Test Point PASS!!!
        [ 432000 ns] Test is running, debug_wb_pc = 0x1c029504
        [ 442000 ns] Test is running, debug_wb_pc = 0x1c02a5d4
        [ 452000 ns] Test is running, debug_wb_pc = 0x1c02b6ac
        [ 462000 ns] Test is running, debug_wb_pc = 0x1c02c77c
        [ 472000 ns] Test is running, debug_wb_pc = 0x1c02d854
----[ 481245 ns] Number 8'd18 Functional Test Point PASS!!!
        [ 482000 ns] Test is running, debug_wb_pc = 0x1c02e8d0
        [ 492000 ns] Test is running, debug_wb_pc = 0x1c02f9c0
        [ 502000 ns] Test is running, debug_wb_pc = 0x1c030aa4
        [ 512000 ns] Test is running, debug_wb_pc = 0x1c031b98
        [ 522000 ns] Test is running, debug_wb_pc = 0x1c032c88
----[ 529515 ns] Number 8'd19 Functional Test Point PASS!!!
        [ 532000 ns] Test is running, debug_wb_pc = 0x1c034c8c
        [ 542000 ns] Test is running, debug_wb_pc = 0x1c035dd4
        [ 552000 ns] Test is running, debug_wb_pc = 0x1c036f14
        [ 562000 ns] Test is running, debug_wb_pc = 0x1c03805c
----[ 567785 ns] Number 8'd20 Functional Test Point PASS!!!
        [ 572000 ns] Test is running, debug_wb_pc = 0x1c0390a8
        [ 582000 ns] Test is running, debug_wb_pc = 0x1c03a038
        [ 592000 ns] Test is running, debug_wb_pc = 0x1c03afd8
----[ 595145 ns] Number 8'd21 Functional Test Point PASS!!!
        [ 602000 ns] Test is running, debug_wb_pc = 0x1c03bf38
        [ 612000 ns] Test is running, debug_wb_pc = 0x1c03ced8
----[ 613475 ns] Number 8'd22 Functional Test Point PASS!!!
        [ 622000 ns] Test is running, debug_wb_pc = 0x1c03de2c
----[ 631805 ns] Number 8'd23 Functional Test Point PASS!!!
        [ 632000 ns] Test is running, debug_wb_pc = 0x1c03ed80
        [ 642000 ns] Test is running, debug_wb_pc = 0x1c03fd20
----[ 650135 ns] Number 8'd24 Functional Test Point PASS!!!
        [ 652000 ns] Test is running, debug_wb_pc = 0x1c040c74
        [ 662000 ns] Test is running, debug_wb_pc = 0x1c041c14
----[ 668465 ns] Number 8'd25 Functional Test Point PASS!!!
        [ 672000 ns] Test is running, debug_wb_pc = 0x1c042b68
        [ 682000 ns] Test is running, debug_wb_pc = 0x1c043b08
----[ 686795 ns] Number 8'd26 Functional Test Point PASS!!!
        [ 692000 ns] Test is running, debug_wb_pc = 0x1c044a5c
        [ 702000 ns] Test is running, debug_wb_pc = 0x1c0459fc
----[ 711145 ns] Number 8'd27 Functional Test Point PASS!!!
        [ 712000 ns] Test is running, debug_wb_pc = 0x1c046950
        [ 722000 ns] Test is running, debug_wb_pc = 0x1c0478f0
        [ 732000 ns] Test is running, debug_wb_pc = 0x1c048890
----[ 735495 ns] Number 8'd28 Functional Test Point PASS!!!
        [ 742000 ns] Test is running, debug_wb_pc = 0x1c0497e4
        [ 752000 ns] Test is running, debug_wb_pc = 0x1c04a784
----[ 759845 ns] Number 8'd29 Functional Test Point PASS!!!
        [ 762000 ns] Test is running, debug_wb_pc = 0x1c04dc98
----[ 768615 ns] Number 8'd30 Functional Test Point PASS!!!
        [ 772000 ns] Test is running, debug_wb_pc = 0x1c04ebec
----[ 781255 ns] Number 8'd31 Functional Test Point PASS!!!
        [ 782000 ns] Test is running, debug_wb_pc = 0x1c04fb44
        [ 792000 ns] Test is running, debug_wb_pc = 0x1c050ae4
----[ 793645 ns] Number 8'd32 Functional Test Point PASS!!!
        [ 802000 ns] Test is running, debug_wb_pc = 0x1c051a38
----[ 806175 ns] Number 8'd33 Functional Test Point PASS!!!
        [ 812000 ns] Test is running, debug_wb_pc = 0x1c05298c
----[ 817545 ns] Number 8'd34 Functional Test Point PASS!!!
        [ 822000 ns] Test is running, debug_wb_pc = 0x1c0538e0
----[ 827505 ns] Number 8'd35 Functional Test Point PASS!!!
        [ 832000 ns] Test is running, debug_wb_pc = 0x1c054838
----[ 841845 ns] Number 8'd36 Functional Test Point PASS!!!
        [ 842000 ns] Test is running, debug_wb_pc = 0x1c0103b8
        [ 852000 ns] Test is running, debug_wb_pc = 0x1c056b20
        [ 862000 ns] Test is running, debug_wb_pc = 0x1c057eb4
        [ 872000 ns] Test is running, debug_wb_pc = 0x1c059288
----[ 873995 ns] Number 8'd37 Functional Test Point PASS!!!
        [ 882000 ns] Test is running, debug_wb_pc = 0x1c05a624
        [ 892000 ns] Test is running, debug_wb_pc = 0x1c05ba04
        [ 902000 ns] Test is running, debug_wb_pc = 0x1c05cd64
----[ 906735 ns] Number 8'd38 Functional Test Point PASS!!!
        [ 912000 ns] Test is running, debug_wb_pc = 0x1c05e054
        [ 922000 ns] Test is running, debug_wb_pc = 0x1c05f414
        [ 932000 ns] Test is running, debug_wb_pc = 0x1c060724
----[ 939435 ns] Number 8'd39 Functional Test Point PASS!!!
        [ 942000 ns] Test is running, debug_wb_pc = 0x1c06368c
        [ 952000 ns] Test is running, debug_wb_pc = 0x1c0649ec
        [ 962000 ns] Test is running, debug_wb_pc = 0x1c065da4
        [ 972000 ns] Test is running, debug_wb_pc = 0x1c067184
----[ 972235 ns] Number 8'd40 Functional Test Point PASS!!!
        [ 982000 ns] Test is running, debug_wb_pc = 0x1c0680e4
----[ 991225 ns] Number 8'd41 Functional Test Point PASS!!!
        [ 992000 ns] Test is running, debug_wb_pc = 0x1c069038
        [1002000 ns] Test is running, debug_wb_pc = 0x1c069fd8
----[1005255 ns] Number 8'd42 Functional Test Point PASS!!!
        [1012000 ns] Test is running, debug_wb_pc = 0x1c06af2c
        [1022000 ns] Test is running, debug_wb_pc = 0x1c06becc
----[1025685 ns] Number 8'd43 Functional Test Point PASS!!!
        [1032000 ns] Test is running, debug_wb_pc = 0x1c06ce20
        [1042000 ns] Test is running, debug_wb_pc = 0x1c06ddc0
----[1043555 ns] Number 8'd44 Functional Test Point PASS!!!
        [1052000 ns] Test is running, debug_wb_pc = 0x1c06ed14
        [1062000 ns] Test is running, debug_wb_pc = 0x1c06fcb4
----[1065295 ns] Number 8'd45 Functional Test Point PASS!!!
        [1072000 ns] Test is running, debug_wb_pc = 0x1c070c0c
        [1082000 ns] Test is running, debug_wb_pc = 0x1c071bac
----[1085135 ns] Number 8'd46 Functional Test Point PASS!!!
----[1088815 ns] Number 8'd47 Functional Test Point PASS!!!
        [1092000 ns] Test is running, debug_wb_pc = 0x1c0080f4
----[1092685 ns] Number 8'd48 Functional Test Point PASS!!!
        [1102000 ns] Test is running, debug_wb_pc = 0x1c0723f8
        [1112000 ns] Test is running, debug_wb_pc = 0x1c0723f8
        [1122000 ns] Test is running, debug_wb_pc = 0x1c0723f8
        [1132000 ns] Test is running, debug_wb_pc = 0x1c0723f8
        [1142000 ns] Test is running, debug_wb_pc = 0x1c072404
        [1152000 ns] Test is running, debug_wb_pc = 0x1c072404
        [1162000 ns] Test is running, debug_wb_pc = 0x1c072404
        [1172000 ns] Test is running, debug_wb_pc = 0x1c0724b0
        [1182000 ns] Test is running, debug_wb_pc = 0x1c0724b0
        [1192000 ns] Test is running, debug_wb_pc = 0x1c0724b0
        [1202000 ns] Test is running, debug_wb_pc = 0x1c0724b0
        [1212000 ns] Test is running, debug_wb_pc = 0x1c0724bc
        [1222000 ns] Test is running, debug_wb_pc = 0x1c0724bc
        [1232000 ns] Test is running, debug_wb_pc = 0x1c0724bc
        [1242000 ns] Test is running, debug_wb_pc = 0x1c0724bc
        [1252000 ns] Test is running, debug_wb_pc = 0x1c072564
        [1262000 ns] Test is running, debug_wb_pc = 0x1c072564
        [1272000 ns] Test is running, debug_wb_pc = 0x1c072564
        [1282000 ns] Test is running, debug_wb_pc = 0x1c072564
        [1292000 ns] Test is running, debug_wb_pc = 0x1c072570
        [1302000 ns] Test is running, debug_wb_pc = 0x1c072570
        [1312000 ns] Test is running, debug_wb_pc = 0x1c072570
        [1322000 ns] Test is running, debug_wb_pc = 0x1c0725f0
        [1332000 ns] Test is running, debug_wb_pc = 0x1c0725f0
        [1342000 ns] Test is running, debug_wb_pc = 0x1c0725f0
        [1352000 ns] Test is running, debug_wb_pc = 0x1c0725f0
        [1362000 ns] Test is running, debug_wb_pc = 0x1c0725fc
        [1372000 ns] Test is running, debug_wb_pc = 0x1c0725fc
        [1382000 ns] Test is running, debug_wb_pc = 0x1c0725fc
        [1392000 ns] Test is running, debug_wb_pc = 0x1c0725fc
        [1402000 ns] Test is running, debug_wb_pc = 0x1c072694
        [1412000 ns] Test is running, debug_wb_pc = 0x1c072694
        [1422000 ns] Test is running, debug_wb_pc = 0x1c072694
        [1432000 ns] Test is running, debug_wb_pc = 0x1c072694
        [1442000 ns] Test is running, debug_wb_pc = 0x1c0726a0
        [1452000 ns] Test is running, debug_wb_pc = 0x1c0726a0
        [1462000 ns] Test is running, debug_wb_pc = 0x1c0726a0
        [1472000 ns] Test is running, debug_wb_pc = 0x1c072720
        [1482000 ns] Test is running, debug_wb_pc = 0x1c072720
        [1492000 ns] Test is running, debug_wb_pc = 0x1c072720
        [1502000 ns] Test is running, debug_wb_pc = 0x1c072720
        [1512000 ns] Test is running, debug_wb_pc = 0x1c07272c
        [1522000 ns] Test is running, debug_wb_pc = 0x1c07272c
        [1532000 ns] Test is running, debug_wb_pc = 0x1c07272c
        [1542000 ns] Test is running, debug_wb_pc = 0x1c07272c
        [1552000 ns] Test is running, debug_wb_pc = 0x1c0727b4
        [1562000 ns] Test is running, debug_wb_pc = 0x1c0727b4
        [1572000 ns] Test is running, debug_wb_pc = 0x1c0727b4
        [1582000 ns] Test is running, debug_wb_pc = 0x1c0727b4
        [1592000 ns] Test is running, debug_wb_pc = 0x1c0727c0
        [1602000 ns] Test is running, debug_wb_pc = 0x1c0727c0
        [1612000 ns] Test is running, debug_wb_pc = 0x1c0727c0
        [1622000 ns] Test is running, debug_wb_pc = 0x1c0727f8
----[1624695 ns] Number 8'd49 Functional Test Point PASS!!!
----[1628585 ns] Number 8'd50 Functional Test Point PASS!!!
        [1632000 ns] Test is running, debug_wb_pc = 0x1c0081a4
----[1636355 ns] Number 8'd51 Functional Test Point PASS!!!
        [1642000 ns] Test is running, debug_wb_pc = 0x1c008044
----[1642315 ns] Number 8'd52 Functional Test Point PASS!!!
----[1647575 ns] Number 8'd53 Functional Test Point PASS!!!
        [1652000 ns] Test is running, debug_wb_pc = 0x1c00829c
----[1652835 ns] Number 8'd54 Functional Test Point PASS!!!
----[1658105 ns] Number 8'd55 Functional Test Point PASS!!!
        [1662000 ns] Test is running, debug_wb_pc = 0x1c0082a4
----[1663445 ns] Number 8'd56 Functional Test Point PASS!!!
----[1668785 ns] Number 8'd57 Functional Test Point PASS!!!
----[1671185 ns] Number 8'd58 Functional Test Point PASS!!!
        [1672000 ns] Test is running, debug_wb_pc = 0x1c010560
----[1674835 ns] Number 8'd59 Functional Test Point PASS!!!
----[1679785 ns] Number 8'd60 Functional Test Point PASS!!!
        [1682000 ns] Test is running, debug_wb_pc = 0x1c0107e8
----[1682915 ns] Number 8'd61 Functional Test Point PASS!!!
----[1688425 ns] Number 8'd62 Functional Test Point PASS!!!
        [1692000 ns] Test is running, debug_wb_pc = 0x1c079070
----[1693745 ns] Number 8'd63 Functional Test Point PASS!!!
----[1698315 ns] Number 8'd64 Functional Test Point PASS!!!
        [1702000 ns] Test is running, debug_wb_pc = 0x1c0791a4
----[1703405 ns] Number 8'd65 Functional Test Point PASS!!!
----[1707935 ns] Number 8'd66 Functional Test Point PASS!!!
        [1712000 ns] Test is running, debug_wb_pc = 0x1c07937c
----[1712275 ns] Number 8'd67 Functional Test Point PASS!!!
----[1716645 ns] Number 8'd68 Functional Test Point PASS!!!
----[1721025 ns] Number 8'd69 Functional Test Point PASS!!!
        [1722000 ns] Test is running, debug_wb_pc = 0x1c07bc00
----[1722545 ns] Number 8'd70 Functional Test Point PASS!!!
        [1732000 ns] Test is running, debug_wb_pc = 0x1c008484
----[1733995 ns] Number 8'd71 Functional Test Point PASS!!!
----[1735735 ns] Number 8'd72 Functional Test Point PASS!!!
----[1736925 ns] Number 8'd73 Functional Test Point PASS!!!
----[1737935 ns] Number 8'd74 Functional Test Point PASS!!!
----[1738905 ns] Number 8'd75 Functional Test Point PASS!!!
----[1739835 ns] Number 8'd76 Functional Test Point PASS!!!
        [1742000 ns] Test is running, debug_wb_pc = 0x1c07cdb0
----[1742045 ns] Number 8'd77 Functional Test Point PASS!!!
----[1744225 ns] Number 8'd78 Functional Test Point PASS!!!
----[1745845 ns] Number 8'd79 Functional Test Point PASS!!!
        [1752000 ns] Test is running, debug_wb_pc = 0x1c008014
----[1756045 ns] Number 8'd80 Functional Test Point PASS!!!
----[1757615 ns] Number 8'd81 Functional Test Point PASS!!!
==============================================================
gettrace end!
----Succeed in generating trace file!
$finish called at time : 1757945 ns : File "D:/new_loonson_env/cdp_ede_local/mycpu_env/gettrace/src/tb_top.v" Line 224
run: Time (s): cpu = 00:00:09 ; elapsed = 00:00:20 . Memory (MB): peak = 1263.031 ; gain = 20.309
relaunch_sim
INFO: xsimkernel Simulation Memory Usage: 44200 KB (Peak: 44200 KB), Simulation CPU Usage: 19655 ms
Command: launch_simulation -step compile -simset sim_1 -mode behavioral
INFO: [Vivado 12-12493] Simulation top is 'tb_top'
WARNING: [Vivado 12-13340] Unable to auto find GCC executables from simulator install path! (path not set)
INFO: [Vivado 12-5682] Launching behavioral simulation in 'D:/new_loonson_env/cdp_ede_local/mycpu_env/gettrace/gettrace.sim/sim_1/behav/xsim'
INFO: [SIM-utils-51] Simulation object is 'sim_1'
INFO: [SIM-utils-72] Using boost library from 'D:/Xilinx/Vivado/2024.2/tps/boost_1_72_0'
INFO: [SIM-utils-54] Inspecting design source files for 'tb_top' in fileset 'sim_1'...
INFO: [USF-XSim-97] Finding global include files...
INFO: [USF-XSim-98] Fetching design files from 'sim_1'...
INFO: [USF-XSim-2] XSim::Compile design
INFO: [USF-XSim-61] Executing 'COMPILE and ANALYZE' step in 'D:/new_loonson_env/cdp_ede_local/mycpu_env/gettrace/gettrace.sim/sim_1/behav/xsim'
"xvlog --incr --relax -prj tb_top_vlog.prj"
INFO: [USF-XSim-69] 'compile' step finished in '2' seconds
Command: launch_simulation -step elaborate -simset sim_1 -mode behavioral
INFO: [Vivado 12-12493] Simulation top is 'tb_top'
WARNING: [Vivado 12-13340] Unable to auto find GCC executables from simulator install path! (path not set)
INFO: [Vivado 12-5682] Launching behavioral simulation in 'D:/new_loonson_env/cdp_ede_local/mycpu_env/gettrace/gettrace.sim/sim_1/behav/xsim'
INFO: [SIM-utils-51] Simulation object is 'sim_1'
INFO: [USF-XSim-3] XSim::Elaborate design
INFO: [USF-XSim-61] Executing 'ELABORATE' step in 'D:/new_loonson_env/cdp_ede_local/mycpu_env/gettrace/gettrace.sim/sim_1/behav/xsim'
"xelab --incr --debug typical --relax --mt 2 -L xil_defaultlib -L unisims_ver -L unimacro_ver -L secureip --snapshot tb_top_behav xil_defaultlib.tb_top xil_defaultlib.glbl -log elaborate.log"
Vivado Simulator v2024.2.0
Copyright 1986-2022 Xilinx, Inc. All Rights Reserved.
Copyright 2022-2024 Advanced Micro Devices, Inc. All Rights Reserved.
Running: D:/Xilinx/Vivado/2024.2/bin/unwrapped/win64.o/xelab.exe --incr --debug typical --relax --mt 2 -L xil_defaultlib -L unisims_ver -L unimacro_ver -L secureip --snapshot tb_top_behav xil_defaultlib.tb_top xil_defaultlib.glbl -log elaborate.log 
Using 2 slave threads.
Starting static elaboration
Pass Through NonSizing Optimizer
Completed static elaboration
INFO: [XSIM 43-4323] No Change in HDL. Linking previously generated obj files to create kernel
INFO: [USF-XSim-69] 'elaborate' step finished in '2' seconds
Time resolution is 1 ps
relaunch_sim: Time (s): cpu = 00:00:01 ; elapsed = 00:00:06 . Memory (MB): peak = 1269.359 ; gain = 0.000
run all
==============================================================
Test begin!
----[   4765 ns] Number 8'd01 Functional Test Point PASS!!!
----[  13275 ns] Number 8'd02 Functional Test Point PASS!!!
----[  17565 ns] Number 8'd03 Functional Test Point PASS!!!
        [  22000 ns] Test is running, debug_wb_pc = 0x1c01a4c8
----[  24795 ns] Number 8'd04 Functional Test Point PASS!!!
----[  26025 ns] Number 8'd05 Functional Test Point PASS!!!
----[  30695 ns] Number 8'd06 Functional Test Point PASS!!!
        [  32000 ns] Test is running, debug_wb_pc = 0x1c01b384
----[  35045 ns] Number 8'd07 Functional Test Point PASS!!!
----[  38915 ns] Number 8'd08 Functional Test Point PASS!!!
        [  42000 ns] Test is running, debug_wb_pc = 0x1c01c28c
----[  42705 ns] Number 8'd09 Functional Test Point PASS!!!
----[  47455 ns] Number 8'd10 Functional Test Point PASS!!!
----[  51685 ns] Number 8'd11 Functional Test Point PASS!!!
        [  52000 ns] Test is running, debug_wb_pc = 0x1c011400
----[  54295 ns] Number 8'd12 Functional Test Point PASS!!!
----[  56905 ns] Number 8'd13 Functional Test Point PASS!!!
        [  62000 ns] Test is running, debug_wb_pc = 0x1c012308
----[  63255 ns] Number 8'd14 Functional Test Point PASS!!!
----[  69285 ns] Number 8'd15 Functional Test Point PASS!!!
        [  72000 ns] Test is running, debug_wb_pc = 0x1c013310
----[  81595 ns] Number 8'd16 Functional Test Point PASS!!!
        [  82000 ns] Test is running, debug_wb_pc = 0x1c01447c
----[  90335 ns] Number 8'd17 Functional Test Point PASS!!!
        [  92000 ns] Test is running, debug_wb_pc = 0x1c015534
----[  97365 ns] Number 8'd18 Functional Test Point PASS!!!
        [ 102000 ns] Test is running, debug_wb_pc = 0x1c0165b8
        [ 112000 ns] Test is running, debug_wb_pc = 0x1c0176a8
----[ 113715 ns] Number 8'd19 Functional Test Point PASS!!!
----[ 121585 ns] Number 8'd20 Functional Test Point PASS!!!
==============================================================
gettrace end!
----Succeed in generating trace file!
$finish called at time : 121915 ns : File "D:/new_loonson_env/cdp_ede_local/mycpu_env/gettrace/src/tb_top.v" Line 224
close_sim
INFO: [Simtcl 6-16] Simulation closed
launch_simulation
Command: launch_simulation 
INFO: [Vivado 12-12493] Simulation top is 'tb_top'
WARNING: [Vivado 12-13340] Unable to auto find GCC executables from simulator install path! (path not set)
INFO: [Vivado 12-5682] Launching behavioral simulation in 'D:/new_loonson_env/cdp_ede_local/mycpu_env/gettrace/gettrace.sim/sim_1/behav/xsim'
INFO: [SIM-utils-51] Simulation object is 'sim_1'
INFO: [SIM-utils-72] Using boost library from 'D:/Xilinx/Vivado/2024.2/tps/boost_1_72_0'
INFO: [SIM-utils-54] Inspecting design source files for 'tb_top' in fileset 'sim_1'...
INFO: [USF-XSim-97] Finding global include files...
INFO: [USF-XSim-98] Fetching design files from 'sim_1'...
INFO: [USF-XSim-2] XSim::Compile design
INFO: [USF-XSim-61] Executing 'COMPILE and ANALYZE' step in 'D:/new_loonson_env/cdp_ede_local/mycpu_env/gettrace/gettrace.sim/sim_1/behav/xsim'
"xvlog --incr --relax -prj tb_top_vlog.prj"
INFO: [USF-XSim-69] 'compile' step finished in '1' seconds
INFO: [USF-XSim-3] XSim::Elaborate design
INFO: [USF-XSim-61] Executing 'ELABORATE' step in 'D:/new_loonson_env/cdp_ede_local/mycpu_env/gettrace/gettrace.sim/sim_1/behav/xsim'
"xelab --incr --debug typical --relax --mt 2 -L xil_defaultlib -L unisims_ver -L unimacro_ver -L secureip --snapshot tb_top_behav xil_defaultlib.tb_top xil_defaultlib.glbl -log elaborate.log"
Vivado Simulator v2024.2.0
Copyright 1986-2022 Xilinx, Inc. All Rights Reserved.
Copyright 2022-2024 Advanced Micro Devices, Inc. All Rights Reserved.
Running: D:/Xilinx/Vivado/2024.2/bin/unwrapped/win64.o/xelab.exe --incr --debug typical --relax --mt 2 -L xil_defaultlib -L unisims_ver -L unimacro_ver -L secureip --snapshot tb_top_behav xil_defaultlib.tb_top xil_defaultlib.glbl -log elaborate.log 
Using 2 slave threads.
Starting static elaboration
Pass Through NonSizing Optimizer
Completed static elaboration
INFO: [XSIM 43-4323] No Change in HDL. Linking previously generated obj files to create kernel
INFO: [USF-XSim-69] 'elaborate' step finished in '2' seconds
INFO: [USF-XSim-4] XSim::Simulate design
INFO: [USF-XSim-61] Executing 'SIMULATE' step in 'D:/new_loonson_env/cdp_ede_local/mycpu_env/gettrace/gettrace.sim/sim_1/behav/xsim'
INFO: [USF-XSim-98] *** Running xsim
   with args "tb_top_behav -key {Behavioral:sim_1:Functional:tb_top} -tclbatch {tb_top.tcl} -log {simulate.log}"
INFO: [USF-XSim-8] Loading simulator feature
Time resolution is 1 ps
source tb_top.tcl
# set curr_wave [current_wave_config]
# if { [string length $curr_wave] == 0 } {
#   if { [llength [get_objects]] > 0} {
#     add_wave /
#     set_property needs_save false [current_wave_config]
#   } else {
#      send_msg_id Add_Wave-1 WARNING "No top level signals found. Simulator will start without a wave window. If you want to open a wave window go to 'File->New Waveform Configuration' or type 'create_wave_config' in the TCL console."
#   }
# }
# run 1000ns
INFO: [USF-XSim-96] XSim completed. Design snapshot 'tb_top_behav' loaded.
INFO: [USF-XSim-97] XSim simulation ran for 1000ns
launch_simulation: Time (s): cpu = 00:00:02 ; elapsed = 00:00:06 . Memory (MB): peak = 1291.055 ; gain = 0.000
run all
==============================================================
Test begin!
----[   4765 ns] Number 8'd01 Functional Test Point PASS!!!
----[  13275 ns] Number 8'd02 Functional Test Point PASS!!!
----[  17565 ns] Number 8'd03 Functional Test Point PASS!!!
        [  22000 ns] Test is running, debug_wb_pc = 0x1c01a4c8
----[  24795 ns] Number 8'd04 Functional Test Point PASS!!!
----[  26025 ns] Number 8'd05 Functional Test Point PASS!!!
----[  30695 ns] Number 8'd06 Functional Test Point PASS!!!
        [  32000 ns] Test is running, debug_wb_pc = 0x1c01b384
----[  35045 ns] Number 8'd07 Functional Test Point PASS!!!
----[  38915 ns] Number 8'd08 Functional Test Point PASS!!!
        [  42000 ns] Test is running, debug_wb_pc = 0x1c01c28c
----[  42705 ns] Number 8'd09 Functional Test Point PASS!!!
----[  47455 ns] Number 8'd10 Functional Test Point PASS!!!
----[  51685 ns] Number 8'd11 Functional Test Point PASS!!!
        [  52000 ns] Test is running, debug_wb_pc = 0x1c011400
----[  54295 ns] Number 8'd12 Functional Test Point PASS!!!
----[  56905 ns] Number 8'd13 Functional Test Point PASS!!!
        [  62000 ns] Test is running, debug_wb_pc = 0x1c012308
----[  63255 ns] Number 8'd14 Functional Test Point PASS!!!
----[  69285 ns] Number 8'd15 Functional Test Point PASS!!!
        [  72000 ns] Test is running, debug_wb_pc = 0x1c013310
----[  81595 ns] Number 8'd16 Functional Test Point PASS!!!
        [  82000 ns] Test is running, debug_wb_pc = 0x1c01447c
----[  90335 ns] Number 8'd17 Functional Test Point PASS!!!
        [  92000 ns] Test is running, debug_wb_pc = 0x1c015534
----[  97365 ns] Number 8'd18 Functional Test Point PASS!!!
        [ 102000 ns] Test is running, debug_wb_pc = 0x1c0165b8
        [ 112000 ns] Test is running, debug_wb_pc = 0x1c0176a8
----[ 113715 ns] Number 8'd19 Functional Test Point PASS!!!
----[ 121585 ns] Number 8'd20 Functional Test Point PASS!!!
==============================================================
gettrace end!
----Succeed in generating trace file!
$finish called at time : 121915 ns : File "D:/new_loonson_env/cdp_ede_local/mycpu_env/gettrace/src/tb_top.v" Line 224
close_sim
INFO: [Simtcl 6-16] Simulation closed
exit
INFO: [Common 17-206] Exiting Vivado at Mon May  5 19:14:49 2025...
